
philo_one

Testing leaks with the death of one philosopher.

==3579== Memcheck, a memory error detector
==3579== Copyright (C) 2002-2017, and GNU GPL'd, by Julian Seward et al.
==3579== Using Valgrind-3.13.0 and LibVEX; rerun with -h for copyright info
==3579== Command: ./../philo_one/philo_one 2 10 5 5
==3579==
==3579==
==3579== HEAP SUMMARY:
==3579==     in use at exit: 544 bytes in 2 blocks
==3579==   total heap usage: 4 allocs, 2 frees, 1,712 bytes allocated
==3579==
==3579== 272 bytes in 1 blocks are possibly lost in loss record 1 of 2
==3579==    at 0x4C31B25: calloc (in /usr/lib/valgrind/vgpreload_memcheck-amd64-linux.so)
==3579==    by 0x40134A6: allocate_dtv (dl-tls.c:286)
==3579==    by 0x40134A6: _dl_allocate_tls (dl-tls.c:530)
==3579==    by 0x4E44227: allocate_stack (allocatestack.c:627)
==3579==    by 0x4E44227: pthread_create@@GLIBC_2.2.5 (pthread_create.c:644)
==3579==    by 0x108EF7: start_philo (in /home/user42/Philosophers/philo_one/philo_one)
==3579==    by 0x108B6C: main (in /home/user42/Philosophers/philo_one/philo_one)
==3579==
==3579== 272 bytes in 1 blocks are possibly lost in loss record 2 of 2
==3579==    at 0x4C31B25: calloc (in /usr/lib/valgrind/vgpreload_memcheck-amd64-linux.so)
==3579==    by 0x40134A6: allocate_dtv (dl-tls.c:286)
==3579==    by 0x40134A6: _dl_allocate_tls (dl-tls.c:530)
==3579==    by 0x4E44227: allocate_stack (allocatestack.c:627)
==3579==    by 0x4E44227: pthread_create@@GLIBC_2.2.5 (pthread_create.c:644)
==3579==    by 0x108F71: start_philo (in /home/user42/Philosophers/philo_one/philo_one)
==3579==    by 0x108B6C: main (in /home/user42/Philosophers/philo_one/philo_one)
==3579==
==3579== LEAK SUMMARY:
==3579==    definitely lost: 0 bytes in 0 blocks
==3579==    indirectly lost: 0 bytes in 0 blocks
==3579==      possibly lost: 544 bytes in 2 blocks
==3579==    still reachable: 0 bytes in 0 blocks
==3579==         suppressed: 0 bytes in 0 blocks
==3579==
==3579== For counts of detected and suppressed errors, rerun with: -v
==3579== ERROR SUMMARY: 2 errors from 2 contexts (suppressed: 0 from 0)

Testing leaks with every philosopher eating at least one time.

==3586== Memcheck, a memory error detector
==3586== Copyright (C) 2002-2017, and GNU GPL'd, by Julian Seward et al.
==3586== Using Valgrind-3.13.0 and LibVEX; rerun with -h for copyright info
==3586== Command: ./../philo_one/philo_one 2 10000 5000 5 1
==3586==
==3586==
==3586== HEAP SUMMARY:
==3586==     in use at exit: 544 bytes in 2 blocks
==3586==   total heap usage: 4 allocs, 2 frees, 1,712 bytes allocated
==3586==
==3586== 272 bytes in 1 blocks are possibly lost in loss record 1 of 2
==3586==    at 0x4C31B25: calloc (in /usr/lib/valgrind/vgpreload_memcheck-amd64-linux.so)
==3586==    by 0x40134A6: allocate_dtv (dl-tls.c:286)
==3586==    by 0x40134A6: _dl_allocate_tls (dl-tls.c:530)
==3586==    by 0x4E44227: allocate_stack (allocatestack.c:627)
==3586==    by 0x4E44227: pthread_create@@GLIBC_2.2.5 (pthread_create.c:644)
==3586==    by 0x108EF7: start_philo (in /home/user42/Philosophers/philo_one/philo_one)
==3586==    by 0x108B6C: main (in /home/user42/Philosophers/philo_one/philo_one)
==3586==
==3586== 272 bytes in 1 blocks are possibly lost in loss record 2 of 2
==3586==    at 0x4C31B25: calloc (in /usr/lib/valgrind/vgpreload_memcheck-amd64-linux.so)
==3586==    by 0x40134A6: allocate_dtv (dl-tls.c:286)
==3586==    by 0x40134A6: _dl_allocate_tls (dl-tls.c:530)
==3586==    by 0x4E44227: allocate_stack (allocatestack.c:627)
==3586==    by 0x4E44227: pthread_create@@GLIBC_2.2.5 (pthread_create.c:644)
==3586==    by 0x108F71: start_philo (in /home/user42/Philosophers/philo_one/philo_one)
==3586==    by 0x108B6C: main (in /home/user42/Philosophers/philo_one/philo_one)
==3586==
==3586== LEAK SUMMARY:
==3586==    definitely lost: 0 bytes in 0 blocks
==3586==    indirectly lost: 0 bytes in 0 blocks
==3586==      possibly lost: 544 bytes in 2 blocks
==3586==    still reachable: 0 bytes in 0 blocks
==3586==         suppressed: 0 bytes in 0 blocks
==3586==
==3586== For counts of detected and suppressed errors, rerun with: -v
==3586== ERROR SUMMARY: 2 errors from 2 contexts (suppressed: 0 from 0)

philo_one

Testing leaks with only one philosopher.

==3594== Memcheck, a memory error detector
==3594== Copyright (C) 2002-2017, and GNU GPL'd, by Julian Seward et al.
==3594== Using Valgrind-3.13.0 and LibVEX; rerun with -h for copyright info
==3594== Command: ./../philo_one/philo_one 1 10 5 5
==3594==
==3594==
==3594== HEAP SUMMARY:
==3594==     in use at exit: 272 bytes in 1 blocks
==3594==   total heap usage: 3 allocs, 2 frees, 1,368 bytes allocated
==3594==
==3594== 272 bytes in 1 blocks are possibly lost in loss record 1 of 1
==3594==    at 0x4C31B25: calloc (in /usr/lib/valgrind/vgpreload_memcheck-amd64-linux.so)
==3594==    by 0x40134A6: allocate_dtv (dl-tls.c:286)
==3594==    by 0x40134A6: _dl_allocate_tls (dl-tls.c:530)
==3594==    by 0x4E44227: allocate_stack (allocatestack.c:627)
==3594==    by 0x4E44227: pthread_create@@GLIBC_2.2.5 (pthread_create.c:644)
==3594==    by 0x108EF7: start_philo (in /home/user42/Philosophers/philo_one/philo_one)
==3594==    by 0x108B6C: main (in /home/user42/Philosophers/philo_one/philo_one)
==3594==
==3594== LEAK SUMMARY:
==3594==    definitely lost: 0 bytes in 0 blocks
==3594==    indirectly lost: 0 bytes in 0 blocks
==3594==      possibly lost: 272 bytes in 1 blocks
==3594==    still reachable: 0 bytes in 0 blocks
==3594==         suppressed: 0 bytes in 0 blocks
==3594==
==3594== For counts of detected and suppressed errors, rerun with: -v
==3594== ERROR SUMMARY: 1 errors from 1 contexts (suppressed: 0 from 0)

philo_one

Testing leaks with only one philosopher + av_5.

==3600== Memcheck, a memory error detector
==3600== Copyright (C) 2002-2017, and GNU GPL'd, by Julian Seward et al.
==3600== Using Valgrind-3.13.0 and LibVEX; rerun with -h for copyright info
==3600== Command: ./../philo_one/philo_one 1 10 5 5 2
==3600==
==3600==
==3600== HEAP SUMMARY:
==3600==     in use at exit: 272 bytes in 1 blocks
==3600==   total heap usage: 3 allocs, 2 frees, 1,368 bytes allocated
==3600==
==3600== 272 bytes in 1 blocks are possibly lost in loss record 1 of 1
==3600==    at 0x4C31B25: calloc (in /usr/lib/valgrind/vgpreload_memcheck-amd64-linux.so)
==3600==    by 0x40134A6: allocate_dtv (dl-tls.c:286)
==3600==    by 0x40134A6: _dl_allocate_tls (dl-tls.c:530)
==3600==    by 0x4E44227: allocate_stack (allocatestack.c:627)
==3600==    by 0x4E44227: pthread_create@@GLIBC_2.2.5 (pthread_create.c:644)
==3600==    by 0x108EF7: start_philo (in /home/user42/Philosophers/philo_one/philo_one)
==3600==    by 0x108B6C: main (in /home/user42/Philosophers/philo_one/philo_one)
==3600==
==3600== LEAK SUMMARY:
==3600==    definitely lost: 0 bytes in 0 blocks
==3600==    indirectly lost: 0 bytes in 0 blocks
==3600==      possibly lost: 272 bytes in 1 blocks
==3600==    still reachable: 0 bytes in 0 blocks
==3600==         suppressed: 0 bytes in 0 blocks
==3600==
==3600== For counts of detected and suppressed errors, rerun with: -v
==3600== ERROR SUMMARY: 1 errors from 1 contexts (suppressed: 0 from 0)

philo_two

Testing leaks with the death of one philosopher.

==3606== Memcheck, a memory error detector
==3606== Copyright (C) 2002-2017, and GNU GPL'd, by Julian Seward et al.
==3606== Using Valgrind-3.13.0 and LibVEX; rerun with -h for copyright info
==3606== Command: ./../philo_two/philo_two 2 10 5 5
==3606==
==3606== Syscall param write(buf) points to uninitialised byte(s)
==3606==    at 0x4E4D281: write (write.c:27)
==3606==    by 0x4E4C268: sem_open (sem_open.c:269)
==3606==    by 0x1092AA: init_sem (in /home/user42/Philosophers/philo_two/philo_two)
==3606==    by 0x1092F7: ft_sems_init (in /home/user42/Philosophers/philo_two/philo_two)
==3606==    by 0x108FDB: start_philo (in /home/user42/Philosophers/philo_two/philo_two)
==3606==    by 0x108BBB: main (in /home/user42/Philosophers/philo_two/philo_two)
==3606==  Address 0x1ffefffd0c is on thread 1's stack
==3606==  in frame #1, created by sem_open (sem_open.c:141)
==3606==  Uninitialised value was created by a stack allocation
==3606==    at 0x4E4BF34: sem_open (sem_open.c:141)
==3606==
==3606== Syscall param write(buf) points to uninitialised byte(s)
==3606==    at 0x4E4D281: write (write.c:27)
==3606==    by 0x4E4C268: sem_open (sem_open.c:269)
==3606==    by 0x1092AA: init_sem (in /home/user42/Philosophers/philo_two/philo_two)
==3606==    by 0x109321: ft_sems_init (in /home/user42/Philosophers/philo_two/philo_two)
==3606==    by 0x108FDB: start_philo (in /home/user42/Philosophers/philo_two/philo_two)
==3606==    by 0x108BBB: main (in /home/user42/Philosophers/philo_two/philo_two)
==3606==  Address 0x1ffefffd0c is on thread 1's stack
==3606==  in frame #1, created by sem_open (sem_open.c:141)
==3606==  Uninitialised value was created by a stack allocation
==3606==    at 0x4E4BF34: sem_open (sem_open.c:141)
==3606==
==3606==
==3606== HEAP SUMMARY:
==3606==     in use at exit: 0 bytes in 0 blocks
==3606==   total heap usage: 8 allocs, 8 frees, 1,748 bytes allocated
==3606==
==3606== All heap blocks were freed -- no leaks are possible
==3606==
==3606== For counts of detected and suppressed errors, rerun with: -v
==3606== ERROR SUMMARY: 2 errors from 2 contexts (suppressed: 0 from 0)

Testing leaks with every philosopher eating at least one time.

==3613== Memcheck, a memory error detector
==3613== Copyright (C) 2002-2017, and GNU GPL'd, by Julian Seward et al.
==3613== Using Valgrind-3.13.0 and LibVEX; rerun with -h for copyright info
==3613== Command: ./../philo_two/philo_two 2 10000 5000 5 1
==3613==
==3613== Syscall param write(buf) points to uninitialised byte(s)
==3613==    at 0x4E4D281: write (write.c:27)
==3613==    by 0x4E4C268: sem_open (sem_open.c:269)
==3613==    by 0x1092AA: init_sem (in /home/user42/Philosophers/philo_two/philo_two)
==3613==    by 0x1092F7: ft_sems_init (in /home/user42/Philosophers/philo_two/philo_two)
==3613==    by 0x108FDB: start_philo (in /home/user42/Philosophers/philo_two/philo_two)
==3613==    by 0x108BBB: main (in /home/user42/Philosophers/philo_two/philo_two)
==3613==  Address 0x1ffefffcfc is on thread 1's stack
==3613==  in frame #1, created by sem_open (sem_open.c:141)
==3613==  Uninitialised value was created by a stack allocation
==3613==    at 0x4E4BF34: sem_open (sem_open.c:141)
==3613==
==3613== Syscall param write(buf) points to uninitialised byte(s)
==3613==    at 0x4E4D281: write (write.c:27)
==3613==    by 0x4E4C268: sem_open (sem_open.c:269)
==3613==    by 0x1092AA: init_sem (in /home/user42/Philosophers/philo_two/philo_two)
==3613==    by 0x109321: ft_sems_init (in /home/user42/Philosophers/philo_two/philo_two)
==3613==    by 0x108FDB: start_philo (in /home/user42/Philosophers/philo_two/philo_two)
==3613==    by 0x108BBB: main (in /home/user42/Philosophers/philo_two/philo_two)
==3613==  Address 0x1ffefffcfc is on thread 1's stack
==3613==  in frame #1, created by sem_open (sem_open.c:141)
==3613==  Uninitialised value was created by a stack allocation
==3613==    at 0x4E4BF34: sem_open (sem_open.c:141)
==3613==
==3613== Thread 2:
==3613== Invalid read of size 8
==3613==    at 0x4E4C819: __new_sem_wait_fast (sem_waitcommon.c:135)
==3613==    by 0x4E4C819: sem_wait@@GLIBC_2.2.5 (sem_wait.c:39)
==3613==    by 0x1096F1: max_meals (in /home/user42/Philosophers/philo_two/philo_two)
==3613==    by 0x108D4B: philo_eat (in /home/user42/Philosophers/philo_two/philo_two)
==3613==    by 0x108DC5: philo_life (in /home/user42/Philosophers/philo_two/philo_two)
==3613==    by 0x4E436DA: start_thread (pthread_create.c:463)
==3613==    by 0x517C88E: clone (clone.S:95)
==3613==  Address 0x0 is not stack'd, malloc'd or (recently) free'd
==3613==
==3613==
==3613== Process terminating with default action of signal 11 (SIGSEGV)
==3613==  Access not within mapped region at address 0x0
==3613==    at 0x4E4C819: __new_sem_wait_fast (sem_waitcommon.c:135)
==3613==    by 0x4E4C819: sem_wait@@GLIBC_2.2.5 (sem_wait.c:39)
==3613==    by 0x1096F1: max_meals (in /home/user42/Philosophers/philo_two/philo_two)
==3613==    by 0x108D4B: philo_eat (in /home/user42/Philosophers/philo_two/philo_two)
==3613==    by 0x108DC5: philo_life (in /home/user42/Philosophers/philo_two/philo_two)
==3613==    by 0x4E436DA: start_thread (pthread_create.c:463)
==3613==    by 0x517C88E: clone (clone.S:95)
==3613==  If you believe this happened as a result of a stack
==3613==  overflow in your program's main thread (unlikely but
==3613==  possible), you can try to increase the size of the
==3613==  main thread stack using the --main-stacksize= flag.
==3613==  The main thread stack size used in this run was 8388608.
==3613==
==3613== HEAP SUMMARY:
==3613==     in use at exit: 724 bytes in 7 blocks
==3613==   total heap usage: 8 allocs, 1 frees, 1,748 bytes allocated
==3613==
==3613== Thread 1:
==3613== 24 bytes in 1 blocks are still reachable in loss record 1 of 6
==3613==    at 0x4C2FB0F: malloc (in /usr/lib/valgrind/vgpreload_memcheck-amd64-linux.so)
==3613==    by 0x5178483: tsearch (tsearch.c:338)
==3613==    by 0x4E4BE7D: check_add_mapping (sem_open.c:113)
==3613==    by 0x4E4C3E2: sem_open (sem_open.c:302)
==3613==    by 0x1092AA: init_sem (in /home/user42/Philosophers/philo_two/philo_two)
==3613==    by 0x1092F7: ft_sems_init (in /home/user42/Philosophers/philo_two/philo_two)
==3613==    by 0x108FDB: start_philo (in /home/user42/Philosophers/philo_two/philo_two)
==3613==    by 0x108BBB: main (in /home/user42/Philosophers/philo_two/philo_two)
==3613==
==3613== 24 bytes in 1 blocks are still reachable in loss record 2 of 6
==3613==    at 0x4C2FB0F: malloc (in /usr/lib/valgrind/vgpreload_memcheck-amd64-linux.so)
==3613==    by 0x5178483: tsearch (tsearch.c:338)
==3613==    by 0x4E4BE7D: check_add_mapping (sem_open.c:113)
==3613==    by 0x4E4C3E2: sem_open (sem_open.c:302)
==3613==    by 0x1092AA: init_sem (in /home/user42/Philosophers/philo_two/philo_two)
==3613==    by 0x109321: ft_sems_init (in /home/user42/Philosophers/philo_two/philo_two)
==3613==    by 0x108FDB: start_philo (in /home/user42/Philosophers/philo_two/philo_two)
==3613==    by 0x108BBB: main (in /home/user42/Philosophers/philo_two/philo_two)
==3613==
==3613== 42 bytes in 1 blocks are still reachable in loss record 3 of 6
==3613==    at 0x4C2FB0F: malloc (in /usr/lib/valgrind/vgpreload_memcheck-amd64-linux.so)
==3613==    by 0x4E4BE19: check_add_mapping (sem_open.c:96)
==3613==    by 0x4E4C3E2: sem_open (sem_open.c:302)
==3613==    by 0x1092AA: init_sem (in /home/user42/Philosophers/philo_two/philo_two)
==3613==    by 0x1092F7: ft_sems_init (in /home/user42/Philosophers/philo_two/philo_two)
==3613==    by 0x108FDB: start_philo (in /home/user42/Philosophers/philo_two/philo_two)
==3613==    by 0x108BBB: main (in /home/user42/Philosophers/philo_two/philo_two)
==3613==
==3613== 42 bytes in 1 blocks are still reachable in loss record 4 of 6
==3613==    at 0x4C2FB0F: malloc (in /usr/lib/valgrind/vgpreload_memcheck-amd64-linux.so)
==3613==    by 0x4E4BE19: check_add_mapping (sem_open.c:96)
==3613==    by 0x4E4C3E2: sem_open (sem_open.c:302)
==3613==    by 0x1092AA: init_sem (in /home/user42/Philosophers/philo_two/philo_two)
==3613==    by 0x109321: ft_sems_init (in /home/user42/Philosophers/philo_two/philo_two)
==3613==    by 0x108FDB: start_philo (in /home/user42/Philosophers/philo_two/philo_two)
==3613==    by 0x108BBB: main (in /home/user42/Philosophers/philo_two/philo_two)
==3613==
==3613== 48 bytes in 1 blocks are still reachable in loss record 5 of 6
==3613==    at 0x4C2FB0F: malloc (in /usr/lib/valgrind/vgpreload_memcheck-amd64-linux.so)
==3613==    by 0x108B64: main (in /home/user42/Philosophers/philo_two/philo_two)
==3613==
==3613== 544 bytes in 2 blocks are possibly lost in loss record 6 of 6
==3613==    at 0x4C31B25: calloc (in /usr/lib/valgrind/vgpreload_memcheck-amd64-linux.so)
==3613==    by 0x40134A6: allocate_dtv (dl-tls.c:286)
==3613==    by 0x40134A6: _dl_allocate_tls (dl-tls.c:530)
==3613==    by 0x4E44227: allocate_stack (allocatestack.c:627)
==3613==    by 0x4E44227: pthread_create@@GLIBC_2.2.5 (pthread_create.c:644)
==3613==    by 0x109058: start_philo (in /home/user42/Philosophers/philo_two/philo_two)
==3613==    by 0x108BBB: main (in /home/user42/Philosophers/philo_two/philo_two)
==3613==
==3613== LEAK SUMMARY:
==3613==    definitely lost: 0 bytes in 0 blocks
==3613==    indirectly lost: 0 bytes in 0 blocks
==3613==      possibly lost: 544 bytes in 2 blocks
==3613==    still reachable: 180 bytes in 5 blocks
==3613==         suppressed: 0 bytes in 0 blocks
==3613==
==3613== For counts of detected and suppressed errors, rerun with: -v
==3613== ERROR SUMMARY: 4 errors from 4 contexts (suppressed: 0 from 0)

philo_two

Testing leaks with only one philosopher.

==3622== Memcheck, a memory error detector
==3622== Copyright (C) 2002-2017, and GNU GPL'd, by Julian Seward et al.
==3622== Using Valgrind-3.13.0 and LibVEX; rerun with -h for copyright info
==3622== Command: ./../philo_two/philo_two 1 10 5 5
==3622==
==3622==
==3622== HEAP SUMMARY:
==3622==     in use at exit: 0 bytes in 0 blocks
==3622==   total heap usage: 1 allocs, 1 frees, 24 bytes allocated
==3622==
==3622== All heap blocks were freed -- no leaks are possible
==3622==
==3622== For counts of detected and suppressed errors, rerun with: -v
==3622== ERROR SUMMARY: 0 errors from 0 contexts (suppressed: 0 from 0)

philo_two

Testing leaks with only one philosopher + av_5.

==3627== Memcheck, a memory error detector
==3627== Copyright (C) 2002-2017, and GNU GPL'd, by Julian Seward et al.
==3627== Using Valgrind-3.13.0 and LibVEX; rerun with -h for copyright info
==3627== Command: ./../philo_two/philo_two 1 10 5 5 2
==3627==
==3627==
==3627== HEAP SUMMARY:
==3627==     in use at exit: 0 bytes in 0 blocks
==3627==   total heap usage: 1 allocs, 1 frees, 24 bytes allocated
==3627==
==3627== All heap blocks were freed -- no leaks are possible
==3627==
==3627== For counts of detected and suppressed errors, rerun with: -v
==3627== ERROR SUMMARY: 0 errors from 0 contexts (suppressed: 0 from 0)

philo_three

Testing leaks with the death of one philosopher.

==3632== Memcheck, a memory error detector
==3632== Copyright (C) 2002-2017, and GNU GPL'd, by Julian Seward et al.
==3632== Using Valgrind-3.13.0 and LibVEX; rerun with -h for copyright info
==3632== Command: ./../philo_three/philo_three 2 10 5 5
==3632==
==3632== Syscall param write(buf) points to uninitialised byte(s)
==3632==    at 0x4E4D281: write (write.c:27)
==3632==    by 0x4E4C268: sem_open (sem_open.c:269)
==3632==    by 0x1091E8: init_sem (in /home/user42/Philosophers/philo_three/philo_three)
==3632==    by 0x109235: ft_sems_init (in /home/user42/Philosophers/philo_three/philo_three)
==3632==    by 0x108E9A: start_philo (in /home/user42/Philosophers/philo_three/philo_three)
==3632==    by 0x108C17: main (in /home/user42/Philosophers/philo_three/philo_three)
==3632==  Address 0x1ffefffcec is on thread 1's stack
==3632==  in frame #1, created by sem_open (sem_open.c:141)
==3632==  Uninitialised value was created by a stack allocation
==3632==    at 0x4E4BF34: sem_open (sem_open.c:141)
==3632==
==3632== Syscall param write(buf) points to uninitialised byte(s)
==3632==    at 0x4E4D281: write (write.c:27)
==3632==    by 0x4E4C268: sem_open (sem_open.c:269)
==3632==    by 0x1091E8: init_sem (in /home/user42/Philosophers/philo_three/philo_three)
==3632==    by 0x10925F: ft_sems_init (in /home/user42/Philosophers/philo_three/philo_three)
==3632==    by 0x108E9A: start_philo (in /home/user42/Philosophers/philo_three/philo_three)
==3632==    by 0x108C17: main (in /home/user42/Philosophers/philo_three/philo_three)
==3632==  Address 0x1ffefffcec is on thread 1's stack
==3632==  in frame #1, created by sem_open (sem_open.c:141)
==3632==  Uninitialised value was created by a stack allocation
==3632==    at 0x4E4BF34: sem_open (sem_open.c:141)
==3632==
==3633==
==3633== HEAP SUMMARY:
==3633==     in use at exit: 164 bytes in 5 blocks
==3633==   total heap usage: 6 allocs, 1 frees, 1,188 bytes allocated
==3633==
==3633== 24 bytes in 1 blocks are still reachable in loss record 1 of 5
==3633==    at 0x4C2FB0F: malloc (in /usr/lib/valgrind/vgpreload_memcheck-amd64-linux.so)
==3633==    by 0x5178483: tsearch (tsearch.c:338)
==3633==    by 0x4E4BE7D: check_add_mapping (sem_open.c:113)
==3633==    by 0x4E4C3E2: sem_open (sem_open.c:302)
==3633==    by 0x1091E8: init_sem (in /home/user42/Philosophers/philo_three/philo_three)
==3633==    by 0x109235: ft_sems_init (in /home/user42/Philosophers/philo_three/philo_three)
==3633==    by 0x108E9A: start_philo (in /home/user42/Philosophers/philo_three/philo_three)
==3633==    by 0x108C17: main (in /home/user42/Philosophers/philo_three/philo_three)
==3633==
==3633== 24 bytes in 1 blocks are still reachable in loss record 2 of 5
==3633==    at 0x4C2FB0F: malloc (in /usr/lib/valgrind/vgpreload_memcheck-amd64-linux.so)
==3633==    by 0x5178483: tsearch (tsearch.c:338)
==3633==    by 0x4E4BE7D: check_add_mapping (sem_open.c:113)
==3633==    by 0x4E4C3E2: sem_open (sem_open.c:302)
==3633==    by 0x1091E8: init_sem (in /home/user42/Philosophers/philo_three/philo_three)
==3633==    by 0x10925F: ft_sems_init (in /home/user42/Philosophers/philo_three/philo_three)
==3633==    by 0x108E9A: start_philo (in /home/user42/Philosophers/philo_three/philo_three)
==3633==    by 0x108C17: main (in /home/user42/Philosophers/philo_three/philo_three)
==3633==
==3633== 32 bytes in 1 blocks are still reachable in loss record 3 of 5
==3633==    at 0x4C2FB0F: malloc (in /usr/lib/valgrind/vgpreload_memcheck-amd64-linux.so)
==3633==    by 0x108BCA: main (in /home/user42/Philosophers/philo_three/philo_three)
==3633==
==3633== 42 bytes in 1 blocks are still reachable in loss record 4 of 5
==3633==    at 0x4C2FB0F: malloc (in /usr/lib/valgrind/vgpreload_memcheck-amd64-linux.so)
==3633==    by 0x4E4BE19: check_add_mapping (sem_open.c:96)
==3633==    by 0x4E4C3E2: sem_open (sem_open.c:302)
==3633==    by 0x1091E8: init_sem (in /home/user42/Philosophers/philo_three/philo_three)
==3633==    by 0x109235: ft_sems_init (in /home/user42/Philosophers/philo_three/philo_three)
==3633==    by 0x108E9A: start_philo (in /home/user42/Philosophers/philo_three/philo_three)
==3633==    by 0x108C17: main (in /home/user42/Philosophers/philo_three/philo_three)
==3633==
==3633== 42 bytes in 1 blocks are still reachable in loss record 5 of 5
==3633==    at 0x4C2FB0F: malloc (in /usr/lib/valgrind/vgpreload_memcheck-amd64-linux.so)
==3633==    by 0x4E4BE19: check_add_mapping (sem_open.c:96)
==3633==    by 0x4E4C3E2: sem_open (sem_open.c:302)
==3633==    by 0x1091E8: init_sem (in /home/user42/Philosophers/philo_three/philo_three)
==3633==    by 0x10925F: ft_sems_init (in /home/user42/Philosophers/philo_three/philo_three)
==3633==    by 0x108E9A: start_philo (in /home/user42/Philosophers/philo_three/philo_three)
==3633==    by 0x108C17: main (in /home/user42/Philosophers/philo_three/philo_three)
==3633==
==3633== LEAK SUMMARY:
==3633==    definitely lost: 0 bytes in 0 blocks
==3633==    indirectly lost: 0 bytes in 0 blocks
==3633==      possibly lost: 0 bytes in 0 blocks
==3633==    still reachable: 164 bytes in 5 blocks
==3633==         suppressed: 0 bytes in 0 blocks
==3633==
==3633== For counts of detected and suppressed errors, rerun with: -v
==3633== ERROR SUMMARY: 2 errors from 2 contexts (suppressed: 0 from 0)
==3632==
==3632== HEAP SUMMARY:
==3632==     in use at exit: 0 bytes in 0 blocks
==3632==   total heap usage: 5 allocs, 5 frees, 164 bytes allocated
==3632==
==3632== All heap blocks were freed -- no leaks are possible
==3632==
==3632== For counts of detected and suppressed errors, rerun with: -v
==3632== ERROR SUMMARY: 2 errors from 2 contexts (suppressed: 0 from 0)

Testing leaks with every philosopher eating at least one time.

